Arguments: 
  C:\Program Files\nodejs\node.exe C:\Users\ranganath.devaramani\AppData\Roaming\npm\node_modules\yarn\bin\yarn.js add fastify

PATH: 
  C:\Python27\;C:\Python27\Scripts;C:\Program Files\Common Files\Oracle\Java\javapath;C:\Program Files (x86)\Common Files\Oracle\Java\javapath;C:\Windows\system32;C:\Windows;C:\Windows\System32\Wbem;C:\Windows\System32\WindowsPowerShell\v1.0\;C:\Windows\System32\OpenSSH\;C:\Program Files\Git\cmd;C:\ProgramData\chocolatey\bin;C:\Program Files\OpenJDK\openjdk-8u292-b10\bin;C:\Program Files\nodejs\;C:\Users\ranganath.devaramani\AppData\Local\Microsoft\WindowsApps;;C:\Users\ranganath.devaramani\AppData\Local\Programs\Microsoft VS Code\bin;C:\Program Files\heroku\bin;C:\Users\ranganath.devaramani\AppData\Roaming\npm

Yarn version: 
  1.22.10

Node version: 
  12.0.0

Platform: 
  win32 x64

Trace: 
  Error: getaddrinfo ENOTFOUND registry.yarnpkg.com
      at GetAddrInfoReqWrap.onlookup [as oncomplete] (dns.js:60:26)

npm manifest: 
  {
    "name": "fastify-demo",
    "version": "1.0.0",
    "description": "trying out fastify",
    "main": "index.js",
    "author": "Ranganath MD",
    "license": "MIT"
  }

yarn manifest: 
  No manifest

Lockfile: 
  No lockfile
